2022-03-23 22:51:30,738 [Worker-2: Loading available Gradle versions] INFO  c.g.t.t.d.PublishedGradleVersions - Gradle version information cache is up-to-date. Trying to read.
2022-03-23 22:53:18,886 [Worker-11: Creating maven-archetype-quickstart] INFO  o.e.m.c.i.p.ProjectConfigurationManager - Collecting project info '/pom.xml' /home/18491a0432qisce/Desktop/LockmeFirstProject/LockedMe/pom.xml
2022-03-23 22:53:19,847 [Worker-11: Creating maven-archetype-quickstart] INFO  o.e.m.c.i.l.LifecycleMappingFactory - Using org.eclipse.m2e.jdt.JarLifecycleMapping lifecycle mapping for MavenProject: LockedMeFirstProject:LockedMe:0.0.1-SNAPSHOT @ /home/18491a0432qisce/Desktop/LockmeFirstProject/LockedMe/pom.xml.
2022-03-23 22:53:20,591 [Worker-11: Creating maven-archetype-quickstart] INFO  o.e.m.j.i.AbstractJavaProjectConfigurator - Adding source folder /LockedMe/src/main/java
2022-03-23 22:53:20,602 [Worker-11: Creating maven-archetype-quickstart] INFO  o.e.m.j.i.AbstractJavaProjectConfigurator - Adding source folder /LockedMe/src/test/java
2022-03-23 22:53:21,412 [Worker-11: Creating maven-archetype-quickstart] INFO  o.e.m.c.i.p.ProjectConfigurationManager - Imported and configured 1 project(s) in 2 sec
2022-03-23 22:53:22,195 [Worker-3: Building workspace] INFO  o.e.m.c.i.embedder.EclipseLogger - Using 'UTF-8' encoding to copy filtered resources.
2022-03-23 22:53:22,195 [Worker-3: Building workspace] INFO  o.e.m.c.i.embedder.EclipseLogger - skip non existing resourceDirectory /home/18491a0432qisce/Desktop/LockmeFirstProject/LockedMe/src/main/resources
2022-03-23 22:53:22,197 [Worker-3: Building workspace] INFO  o.e.m.c.i.embedder.EclipseLogger - Using 'UTF-8' encoding to copy filtered resources.
2022-03-23 22:53:22,197 [Worker-3: Building workspace] INFO  o.e.m.c.i.embedder.EclipseLogger - skip non existing resourceDirectory /home/18491a0432qisce/Desktop/LockmeFirstProject/LockedMe/src/test/resources
2022-03-23 22:53:41,336 [Worker-3: Building workspace] INFO  o.e.m.c.i.embedder.EclipseLogger - Using 'UTF-8' encoding to copy filtered resources.
2022-03-23 22:53:41,336 [Worker-3: Building workspace] INFO  o.e.m.c.i.embedder.EclipseLogger - skip non existing resourceDirectory /home/18491a0432qisce/Desktop/LockmeFirstProject/LockedMe/src/main/resources
2022-03-23 22:53:41,337 [Worker-3: Building workspace] INFO  o.e.m.c.i.embedder.EclipseLogger - Using 'UTF-8' encoding to copy filtered resources.
2022-03-23 22:53:41,337 [Worker-3: Building workspace] INFO  o.e.m.c.i.embedder.EclipseLogger - skip non existing resourceDirectory /home/18491a0432qisce/Desktop/LockmeFirstProject/LockedMe/src/test/resources
2022-03-23 23:00:45,690 [Worker-10: Creating maven-archetype-quickstart] INFO  o.e.m.c.i.p.ProjectConfigurationManager - Collecting project info '/pom.xml' /home/18491a0432qisce/Desktop/LockmeFirstProject/LockedMeApplication/pom.xml
2022-03-23 23:00:46,073 [Worker-10: Creating maven-archetype-quickstart] INFO  o.e.m.c.i.l.LifecycleMappingFactory - Using org.eclipse.m2e.jdt.JarLifecycleMapping lifecycle mapping for MavenProject: com.simplilearn.lockme.cmdlineapplication:LockedMeApplication:0.0.1-SNAPSHOT @ /home/18491a0432qisce/Desktop/LockmeFirstProject/LockedMeApplication/pom.xml.
2022-03-23 23:00:46,581 [Worker-10: Creating maven-archetype-quickstart] INFO  o.e.m.j.i.AbstractJavaProjectConfigurator - Adding source folder /LockedMeApplication/src/main/java
2022-03-23 23:00:46,583 [Worker-10: Creating maven-archetype-quickstart] INFO  o.e.m.j.i.AbstractJavaProjectConfigurator - Adding source folder /LockedMeApplication/src/test/java
2022-03-23 23:00:46,641 [Worker-10: Creating maven-archetype-quickstart] INFO  o.e.m.c.i.p.ProjectConfigurationManager - Imported and configured 1 project(s) in 0 sec
2022-03-23 23:00:46,897 [Worker-10: Building workspace] INFO  o.e.m.c.i.embedder.EclipseLogger - Using 'UTF-8' encoding to copy filtered resources.
2022-03-23 23:00:46,897 [Worker-10: Building workspace] INFO  o.e.m.c.i.embedder.EclipseLogger - skip non existing resourceDirectory /home/18491a0432qisce/Desktop/LockmeFirstProject/LockedMeApplication/src/main/resources
2022-03-23 23:00:46,899 [Worker-10: Building workspace] INFO  o.e.m.c.i.embedder.EclipseLogger - Using 'UTF-8' encoding to copy filtered resources.
2022-03-23 23:00:46,899 [Worker-10: Building workspace] INFO  o.e.m.c.i.embedder.EclipseLogger - skip non existing resourceDirectory /home/18491a0432qisce/Desktop/LockmeFirstProject/LockedMeApplication/src/test/resources
2022-03-23 23:03:02,883 [Worker-10: Launching App] INFO  o.e.m.c.i.embedder.EclipseLogger - Using 'UTF-8' encoding to copy filtered resources.
2022-03-23 23:03:02,884 [Worker-10: Launching App] INFO  o.e.m.c.i.embedder.EclipseLogger - skip non existing resourceDirectory /home/18491a0432qisce/Desktop/LockmeFirstProject/LockedMeApplication/src/main/resources
2022-03-23 23:03:02,885 [Worker-10: Launching App] INFO  o.e.m.c.i.embedder.EclipseLogger - Using 'UTF-8' encoding to copy filtered resources.
2022-03-23 23:03:02,886 [Worker-10: Launching App] INFO  o.e.m.c.i.embedder.EclipseLogger - skip non existing resourceDirectory /home/18491a0432qisce/Desktop/LockmeFirstProject/LockedMeApplication/src/test/resources
2022-03-23 23:03:27,191 [Worker-24: Building workspace] INFO  o.e.m.c.i.embedder.EclipseLogger - Using 'UTF-8' encoding to copy filtered resources.
2022-03-23 23:03:27,191 [Worker-24: Building workspace] INFO  o.e.m.c.i.embedder.EclipseLogger - skip non existing resourceDirectory /home/18491a0432qisce/Desktop/LockmeFirstProject/LockedMeApplication/src/main/resources
2022-03-23 23:03:27,192 [Worker-24: Building workspace] INFO  o.e.m.c.i.embedder.EclipseLogger - Using 'UTF-8' encoding to copy filtered resources.
2022-03-23 23:03:27,192 [Worker-24: Building workspace] INFO  o.e.m.c.i.embedder.EclipseLogger - skip non existing resourceDirectory /home/18491a0432qisce/Desktop/LockmeFirstProject/LockedMeApplication/src/test/resources
2022-03-23 23:03:43,595 [Worker-20: Building workspace] INFO  o.e.m.c.i.embedder.EclipseLogger - Using 'UTF-8' encoding to copy filtered resources.
2022-03-23 23:03:43,595 [Worker-20: Building workspace] INFO  o.e.m.c.i.embedder.EclipseLogger - skip non existing resourceDirectory /home/18491a0432qisce/Desktop/LockmeFirstProject/LockedMeApplication/src/main/resources
2022-03-23 23:03:43,599 [Worker-20: Building workspace] INFO  o.e.m.c.i.embedder.EclipseLogger - Using 'UTF-8' encoding to copy filtered resources.
2022-03-23 23:03:43,599 [Worker-20: Building workspace] INFO  o.e.m.c.i.embedder.EclipseLogger - skip non existing resourceDirectory /home/18491a0432qisce/Desktop/LockmeFirstProject/LockedMeApplication/src/test/resources
2022-03-23 23:05:56,803 [Worker-20: Building workspace] INFO  o.e.m.c.i.embedder.EclipseLogger - Using 'UTF-8' encoding to copy filtered resources.
2022-03-23 23:05:56,803 [Worker-20: Building workspace] INFO  o.e.m.c.i.embedder.EclipseLogger - skip non existing resourceDirectory /home/18491a0432qisce/Desktop/LockmeFirstProject/LockedMeApplication/src/main/resources
2022-03-23 23:05:56,807 [Worker-20: Building workspace] INFO  o.e.m.c.i.embedder.EclipseLogger - Using 'UTF-8' encoding to copy filtered resources.
2022-03-23 23:05:56,807 [Worker-20: Building workspace] INFO  o.e.m.c.i.embedder.EclipseLogger - skip non existing resourceDirectory /home/18491a0432qisce/Desktop/LockmeFirstProject/LockedMeApplication/src/test/resources
2022-03-23 23:06:40,000 [Worker-23: Building workspace] INFO  o.e.m.c.i.embedder.EclipseLogger - Using 'UTF-8' encoding to copy filtered resources.
2022-03-23 23:06:40,000 [Worker-23: Building workspace] INFO  o.e.m.c.i.embedder.EclipseLogger - skip non existing resourceDirectory /home/18491a0432qisce/Desktop/LockmeFirstProject/LockedMeApplication/src/main/resources
2022-03-23 23:06:40,002 [Worker-23: Building workspace] INFO  o.e.m.c.i.embedder.EclipseLogger - Using 'UTF-8' encoding to copy filtered resources.
2022-03-23 23:06:40,002 [Worker-23: Building workspace] INFO  o.e.m.c.i.embedder.EclipseLogger - skip non existing resourceDirectory /home/18491a0432qisce/Desktop/LockmeFirstProject/LockedMeApplication/src/test/resources
2022-03-23 23:08:45,326 [Worker-10: Building workspace] INFO  o.e.m.c.i.embedder.EclipseLogger - Using 'UTF-8' encoding to copy filtered resources.
2022-03-23 23:08:45,326 [Worker-10: Building workspace] INFO  o.e.m.c.i.embedder.EclipseLogger - skip non existing resourceDirectory /home/18491a0432qisce/Desktop/LockmeFirstProject/LockedMeApplication/src/main/resources
2022-03-23 23:08:45,329 [Worker-10: Building workspace] INFO  o.e.m.c.i.embedder.EclipseLogger - Using 'UTF-8' encoding to copy filtered resources.
2022-03-23 23:08:45,329 [Worker-10: Building workspace] INFO  o.e.m.c.i.embedder.EclipseLogger - skip non existing resourceDirectory /home/18491a0432qisce/Desktop/LockmeFirstProject/LockedMeApplication/src/test/resources
2022-03-23 23:08:49,803 [Worker-23: Building workspace] INFO  o.e.m.c.i.embedder.EclipseLogger - Using 'UTF-8' encoding to copy filtered resources.
2022-03-23 23:08:49,804 [Worker-23: Building workspace] INFO  o.e.m.c.i.embedder.EclipseLogger - skip non existing resourceDirectory /home/18491a0432qisce/Desktop/LockmeFirstProject/LockedMeApplication/src/main/resources
2022-03-23 23:08:49,808 [Worker-23: Building workspace] INFO  o.e.m.c.i.embedder.EclipseLogger - Using 'UTF-8' encoding to copy filtered resources.
2022-03-23 23:08:49,808 [Worker-23: Building workspace] INFO  o.e.m.c.i.embedder.EclipseLogger - skip non existing resourceDirectory /home/18491a0432qisce/Desktop/LockmeFirstProject/LockedMeApplication/src/test/resources
2022-03-23 23:10:15,636 [Worker-20: Building workspace] INFO  o.e.m.c.i.embedder.EclipseLogger - Using 'UTF-8' encoding to copy filtered resources.
2022-03-23 23:10:15,636 [Worker-20: Building workspace] INFO  o.e.m.c.i.embedder.EclipseLogger - skip non existing resourceDirectory /home/18491a0432qisce/Desktop/LockmeFirstProject/LockedMeApplication/src/main/resources
2022-03-23 23:10:15,637 [Worker-20: Building workspace] INFO  o.e.m.c.i.embedder.EclipseLogger - Using 'UTF-8' encoding to copy filtered resources.
2022-03-23 23:10:15,637 [Worker-20: Building workspace] INFO  o.e.m.c.i.embedder.EclipseLogger - skip non existing resourceDirectory /home/18491a0432qisce/Desktop/LockmeFirstProject/LockedMeApplication/src/test/resources
2022-03-23 23:11:36,269 [Worker-24: Building workspace] INFO  o.e.m.c.i.embedder.EclipseLogger - Using 'UTF-8' encoding to copy filtered resources.
2022-03-23 23:11:36,269 [Worker-24: Building workspace] INFO  o.e.m.c.i.embedder.EclipseLogger - skip non existing resourceDirectory /home/18491a0432qisce/Desktop/LockmeFirstProject/LockedMeApplication/src/main/resources
2022-03-23 23:11:36,278 [Worker-24: Building workspace] INFO  o.e.m.c.i.embedder.EclipseLogger - Using 'UTF-8' encoding to copy filtered resources.
2022-03-23 23:11:36,278 [Worker-24: Building workspace] INFO  o.e.m.c.i.embedder.EclipseLogger - skip non existing resourceDirectory /home/18491a0432qisce/Desktop/LockmeFirstProject/LockedMeApplication/src/test/resources
2022-03-23 23:12:03,195 [Worker-24: Building workspace] INFO  o.e.m.c.i.embedder.EclipseLogger - Using 'UTF-8' encoding to copy filtered resources.
2022-03-23 23:12:03,195 [Worker-24: Building workspace] INFO  o.e.m.c.i.embedder.EclipseLogger - skip non existing resourceDirectory /home/18491a0432qisce/Desktop/LockmeFirstProject/LockedMeApplication/src/main/resources
2022-03-23 23:12:03,196 [Worker-24: Building workspace] INFO  o.e.m.c.i.embedder.EclipseLogger - Using 'UTF-8' encoding to copy filtered resources.
2022-03-23 23:12:03,197 [Worker-24: Building workspace] INFO  o.e.m.c.i.embedder.EclipseLogger - skip non existing resourceDirectory /home/18491a0432qisce/Desktop/LockmeFirstProject/LockedMeApplication/src/test/resources
2022-03-23 23:12:27,659 [Worker-25: Building workspace] INFO  o.e.m.c.i.embedder.EclipseLogger - Using 'UTF-8' encoding to copy filtered resources.
2022-03-23 23:12:27,659 [Worker-25: Building workspace] INFO  o.e.m.c.i.embedder.EclipseLogger - skip non existing resourceDirectory /home/18491a0432qisce/Desktop/LockmeFirstProject/LockedMeApplication/src/main/resources
2022-03-23 23:12:27,660 [Worker-25: Building workspace] INFO  o.e.m.c.i.embedder.EclipseLogger - Using 'UTF-8' encoding to copy filtered resources.
2022-03-23 23:12:27,660 [Worker-25: Building workspace] INFO  o.e.m.c.i.embedder.EclipseLogger - skip non existing resourceDirectory /home/18491a0432qisce/Desktop/LockmeFirstProject/LockedMeApplication/src/test/resources
2022-03-23 23:13:06,221 [Worker-24: Launching App] INFO  o.e.m.c.i.embedder.EclipseLogger - Using 'UTF-8' encoding to copy filtered resources.
2022-03-23 23:13:06,222 [Worker-24: Launching App] INFO  o.e.m.c.i.embedder.EclipseLogger - skip non existing resourceDirectory /home/18491a0432qisce/Desktop/LockmeFirstProject/LockedMeApplication/src/main/resources
2022-03-23 23:13:06,224 [Worker-24: Launching App] INFO  o.e.m.c.i.embedder.EclipseLogger - Using 'UTF-8' encoding to copy filtered resources.
2022-03-23 23:13:06,224 [Worker-24: Launching App] INFO  o.e.m.c.i.embedder.EclipseLogger - skip non existing resourceDirectory /home/18491a0432qisce/Desktop/LockmeFirstProject/LockedMeApplication/src/test/resources
2022-03-23 23:13:28,675 [Worker-20: Resolving model org.eclipse.recommenders:index::zip:0.0.0] WARN  o.e.r.models.ModelRepository - Failed to download org.eclipse.recommenders:index::zip:0.0.0
org.eclipse.aether.resolution.ArtifactResolutionException: Could not find artifact org.eclipse.recommenders:index:zip:0.0.0-SNAPSHOT in models (http://download.eclipse.org/recommenders/models/photon/)
	at org.eclipse.aether.internal.impl.DefaultArtifactResolver.resolve(DefaultArtifactResolver.java:453) ~[na:na]
	at org.eclipse.aether.internal.impl.DefaultArtifactResolver.resolveArtifacts(DefaultArtifactResolver.java:255) ~[na:na]
	at org.eclipse.aether.internal.impl.DefaultArtifactResolver.resolveArtifact(DefaultArtifactResolver.java:232) ~[na:na]
	at org.eclipse.aether.internal.impl.DefaultRepositorySystem.resolveArtifact(DefaultRepositorySystem.java:303) ~[na:na]
	at org.eclipse.recommenders.models.ModelRepository.resolveInternal(ModelRepository.java:193) [org.eclipse.recommenders.models_2.5.4.v20180909-1132.jar:na]
	at org.eclipse.recommenders.models.ModelRepository.resolve(ModelRepository.java:172) [org.eclipse.recommenders.models_2.5.4.v20180909-1132.jar:na]
	at org.eclipse.recommenders.internal.models.rcp.EclipseModelRepository.resolve(EclipseModelRepository.java:168) [org.eclipse.recommenders.models.rcp_2.5.4.v20180909-1132.jar:na]
	at org.eclipse.recommenders.internal.models.rcp.DownloadModelArchiveJob.run(DownloadModelArchiveJob.java:76) [org.eclipse.recommenders.models.rcp_2.5.4.v20180909-1132.jar:na]
	at org.eclipse.core.internal.jobs.Worker.run(Worker.java:63) [org.eclipse.core.jobs_3.10.100.v20180817-1215.jar:na]
Caused by: org.eclipse.aether.transfer.ArtifactNotFoundException: Could not find artifact org.eclipse.recommenders:index:zip:0.0.0-SNAPSHOT in models (http://download.eclipse.org/recommenders/models/photon/)
	at org.eclipse.aether.connector.basic.ArtifactTransportListener.transferFailed(ArtifactTransportListener.java:48) ~[org.apache.maven.resolver.connector.basic_1.0.3.v20170405-0725.jar:1.0.3]
	at org.eclipse.aether.connector.basic.BasicRepositoryConnector$TaskRunner.run(BasicRepositoryConnector.java:364) ~[org.apache.maven.resolver.connector.basic_1.0.3.v20170405-0725.jar:1.0.3]
	at org.eclipse.aether.util.concurrency.RunnableErrorForwarder$1.run(RunnableErrorForwarder.java:76) ~[na:na]
	at org.eclipse.aether.connector.basic.BasicRepositoryConnector$DirectExecutor.execute(BasicRepositoryConnector.java:590) ~[org.apache.maven.resolver.connector.basic_1.0.3.v20170405-0725.jar:1.0.3]
	at org.eclipse.aether.connector.basic.BasicRepositoryConnector.get(BasicRepositoryConnector.java:258) ~[org.apache.maven.resolver.connector.basic_1.0.3.v20170405-0725.jar:1.0.3]
	at org.eclipse.aether.internal.impl.DefaultArtifactResolver.performDownloads(DefaultArtifactResolver.java:529) ~[na:na]
	at org.eclipse.aether.internal.impl.DefaultArtifactResolver.resolve(DefaultArtifactResolver.java:430) ~[na:na]
	... 8 common frames omitted
2022-03-23 23:13:41,055 [Worker-20: Building workspace] INFO  o.e.m.c.i.embedder.EclipseLogger - Using 'UTF-8' encoding to copy filtered resources.
2022-03-23 23:13:41,055 [Worker-20: Building workspace] INFO  o.e.m.c.i.embedder.EclipseLogger - skip non existing resourceDirectory /home/18491a0432qisce/Desktop/LockmeFirstProject/LockedMeApplication/src/main/resources
2022-03-23 23:13:41,057 [Worker-20: Building workspace] INFO  o.e.m.c.i.embedder.EclipseLogger - Using 'UTF-8' encoding to copy filtered resources.
2022-03-23 23:13:41,057 [Worker-20: Building workspace] INFO  o.e.m.c.i.embedder.EclipseLogger - skip non existing resourceDirectory /home/18491a0432qisce/Desktop/LockmeFirstProject/LockedMeApplication/src/test/resources
2022-03-23 23:14:20,489 [Worker-24: Building workspace] INFO  o.e.m.c.i.embedder.EclipseLogger - Using 'UTF-8' encoding to copy filtered resources.
2022-03-23 23:14:20,490 [Worker-24: Building workspace] INFO  o.e.m.c.i.embedder.EclipseLogger - skip non existing resourceDirectory /home/18491a0432qisce/Desktop/LockmeFirstProject/LockedMeApplication/src/main/resources
2022-03-23 23:14:20,492 [Worker-24: Building workspace] INFO  o.e.m.c.i.embedder.EclipseLogger - Using 'UTF-8' encoding to copy filtered resources.
2022-03-23 23:14:20,492 [Worker-24: Building workspace] INFO  o.e.m.c.i.embedder.EclipseLogger - skip non existing resourceDirectory /home/18491a0432qisce/Desktop/LockmeFirstProject/LockedMeApplication/src/test/resources
2022-03-23 23:19:12,840 [Worker-24: Launching App] INFO  o.e.m.c.i.embedder.EclipseLogger - Using 'UTF-8' encoding to copy filtered resources.
2022-03-23 23:19:12,840 [Worker-24: Launching App] INFO  o.e.m.c.i.embedder.EclipseLogger - skip non existing resourceDirectory /home/18491a0432qisce/Desktop/LockmeFirstProject/LockedMeApplication/src/main/resources
2022-03-23 23:19:12,842 [Worker-24: Launching App] INFO  o.e.m.c.i.embedder.EclipseLogger - Using 'UTF-8' encoding to copy filtered resources.
2022-03-23 23:19:12,842 [Worker-24: Launching App] INFO  o.e.m.c.i.embedder.EclipseLogger - skip non existing resourceDirectory /home/18491a0432qisce/Desktop/LockmeFirstProject/LockedMeApplication/src/test/resources
2022-03-23 23:20:00,309 [Worker-20: Building workspace] INFO  o.e.m.c.i.embedder.EclipseLogger - Using 'UTF-8' encoding to copy filtered resources.
2022-03-23 23:20:00,309 [Worker-20: Building workspace] INFO  o.e.m.c.i.embedder.EclipseLogger - skip non existing resourceDirectory /home/18491a0432qisce/Desktop/LockmeFirstProject/LockedMeApplication/src/main/resources
2022-03-23 23:20:00,310 [Worker-20: Building workspace] INFO  o.e.m.c.i.embedder.EclipseLogger - Using 'UTF-8' encoding to copy filtered resources.
2022-03-23 23:20:00,310 [Worker-20: Building workspace] INFO  o.e.m.c.i.embedder.EclipseLogger - skip non existing resourceDirectory /home/18491a0432qisce/Desktop/LockmeFirstProject/LockedMeApplication/src/test/resources
2022-03-23 23:22:45,261 [Worker-10: Building workspace] INFO  o.e.m.c.i.embedder.EclipseLogger - Using 'UTF-8' encoding to copy filtered resources.
2022-03-23 23:22:45,261 [Worker-10: Building workspace] INFO  o.e.m.c.i.embedder.EclipseLogger - skip non existing resourceDirectory /home/18491a0432qisce/Desktop/LockmeFirstProject/LockedMeApplication/src/main/resources
2022-03-23 23:22:45,262 [Worker-10: Building workspace] INFO  o.e.m.c.i.embedder.EclipseLogger - Using 'UTF-8' encoding to copy filtered resources.
2022-03-23 23:22:45,263 [Worker-10: Building workspace] INFO  o.e.m.c.i.embedder.EclipseLogger - skip non existing resourceDirectory /home/18491a0432qisce/Desktop/LockmeFirstProject/LockedMeApplication/src/test/resources
2022-03-23 23:23:38,110 [Worker-20: Building workspace] INFO  o.e.m.c.i.embedder.EclipseLogger - Using 'UTF-8' encoding to copy filtered resources.
2022-03-23 23:23:38,111 [Worker-20: Building workspace] INFO  o.e.m.c.i.embedder.EclipseLogger - skip non existing resourceDirectory /home/18491a0432qisce/Desktop/LockmeFirstProject/LockedMeApplication/src/main/resources
2022-03-23 23:23:38,111 [Worker-20: Building workspace] INFO  o.e.m.c.i.embedder.EclipseLogger - Using 'UTF-8' encoding to copy filtered resources.
2022-03-23 23:23:38,111 [Worker-20: Building workspace] INFO  o.e.m.c.i.embedder.EclipseLogger - skip non existing resourceDirectory /home/18491a0432qisce/Desktop/LockmeFirstProject/LockedMeApplication/src/test/resources
2022-03-23 23:32:19,379 [Worker-10: Building workspace] INFO  o.e.m.c.i.embedder.EclipseLogger - Using 'UTF-8' encoding to copy filtered resources.
2022-03-23 23:32:19,380 [Worker-10: Building workspace] INFO  o.e.m.c.i.embedder.EclipseLogger - skip non existing resourceDirectory /home/18491a0432qisce/Desktop/LockmeFirstProject/LockedMeApplication/src/main/resources
2022-03-23 23:32:19,380 [Worker-10: Building workspace] INFO  o.e.m.c.i.embedder.EclipseLogger - Using 'UTF-8' encoding to copy filtered resources.
2022-03-23 23:32:19,380 [Worker-10: Building workspace] INFO  o.e.m.c.i.embedder.EclipseLogger - skip non existing resourceDirectory /home/18491a0432qisce/Desktop/LockmeFirstProject/LockedMeApplication/src/test/resources
2022-03-23 23:47:26,794 [Worker-20: Building workspace] INFO  o.e.m.c.i.embedder.EclipseLogger - Using 'UTF-8' encoding to copy filtered resources.
2022-03-23 23:47:26,794 [Worker-20: Building workspace] INFO  o.e.m.c.i.embedder.EclipseLogger - skip non existing resourceDirectory /home/18491a0432qisce/Desktop/LockmeFirstProject/LockedMeApplication/src/main/resources
2022-03-23 23:47:26,795 [Worker-20: Building workspace] INFO  o.e.m.c.i.embedder.EclipseLogger - Using 'UTF-8' encoding to copy filtered resources.
2022-03-23 23:47:26,795 [Worker-20: Building workspace] INFO  o.e.m.c.i.embedder.EclipseLogger - skip non existing resourceDirectory /home/18491a0432qisce/Desktop/LockmeFirstProject/LockedMeApplication/src/test/resources
2022-03-23 23:53:00,805 [Worker-24: Launching App] INFO  o.e.m.c.i.embedder.EclipseLogger - Using 'UTF-8' encoding to copy filtered resources.
2022-03-23 23:53:00,805 [Worker-24: Launching App] INFO  o.e.m.c.i.embedder.EclipseLogger - skip non existing resourceDirectory /home/18491a0432qisce/Desktop/LockmeFirstProject/LockedMeApplication/src/main/resources
2022-03-23 23:53:00,807 [Worker-24: Launching App] INFO  o.e.m.c.i.embedder.EclipseLogger - Using 'UTF-8' encoding to copy filtered resources.
2022-03-23 23:53:00,807 [Worker-24: Launching App] INFO  o.e.m.c.i.embedder.EclipseLogger - skip non existing resourceDirectory /home/18491a0432qisce/Desktop/LockmeFirstProject/LockedMeApplication/src/test/resources
2022-03-23 23:54:42,422 [Worker-22: Building workspace] INFO  o.e.m.c.i.embedder.EclipseLogger - Using 'UTF-8' encoding to copy filtered resources.
2022-03-23 23:54:42,422 [Worker-22: Building workspace] INFO  o.e.m.c.i.embedder.EclipseLogger - skip non existing resourceDirectory /home/18491a0432qisce/Desktop/LockmeFirstProject/LockedMeApplication/src/main/resources
2022-03-23 23:54:42,423 [Worker-22: Building workspace] INFO  o.e.m.c.i.embedder.EclipseLogger - Using 'UTF-8' encoding to copy filtered resources.
2022-03-23 23:54:42,423 [Worker-22: Building workspace] INFO  o.e.m.c.i.embedder.EclipseLogger - skip non existing resourceDirectory /home/18491a0432qisce/Desktop/LockmeFirstProject/LockedMeApplication/src/test/resources
2022-03-24 00:23:37,942 [Worker-22: Building workspace] INFO  o.e.m.c.i.embedder.EclipseLogger - Using 'UTF-8' encoding to copy filtered resources.
2022-03-24 00:23:37,942 [Worker-22: Building workspace] INFO  o.e.m.c.i.embedder.EclipseLogger - skip non existing resourceDirectory /home/18491a0432qisce/Desktop/LockmeFirstProject/LockedMeApplication/src/main/resources
2022-03-24 00:23:37,943 [Worker-22: Building workspace] INFO  o.e.m.c.i.embedder.EclipseLogger - Using 'UTF-8' encoding to copy filtered resources.
2022-03-24 00:23:37,943 [Worker-22: Building workspace] INFO  o.e.m.c.i.embedder.EclipseLogger - skip non existing resourceDirectory /home/18491a0432qisce/Desktop/LockmeFirstProject/LockedMeApplication/src/test/resources
2022-03-24 00:27:48,550 [Worker-22: Building workspace] INFO  o.e.m.c.i.embedder.EclipseLogger - Using 'UTF-8' encoding to copy filtered resources.
2022-03-24 00:27:48,551 [Worker-22: Building workspace] INFO  o.e.m.c.i.embedder.EclipseLogger - skip non existing resourceDirectory /home/18491a0432qisce/Desktop/LockmeFirstProject/LockedMeApplication/src/main/resources
2022-03-24 00:27:48,552 [Worker-22: Building workspace] INFO  o.e.m.c.i.embedder.EclipseLogger - Using 'UTF-8' encoding to copy filtered resources.
2022-03-24 00:27:48,552 [Worker-22: Building workspace] INFO  o.e.m.c.i.embedder.EclipseLogger - skip non existing resourceDirectory /home/18491a0432qisce/Desktop/LockmeFirstProject/LockedMeApplication/src/test/resources
2022-03-24 00:28:12,216 [Worker-35: Building workspace] INFO  o.e.m.c.i.embedder.EclipseLogger - Using 'UTF-8' encoding to copy filtered resources.
2022-03-24 00:28:12,216 [Worker-35: Building workspace] INFO  o.e.m.c.i.embedder.EclipseLogger - skip non existing resourceDirectory /home/18491a0432qisce/Desktop/LockmeFirstProject/LockedMeApplication/src/main/resources
2022-03-24 00:28:12,217 [Worker-35: Building workspace] INFO  o.e.m.c.i.embedder.EclipseLogger - Using 'UTF-8' encoding to copy filtered resources.
2022-03-24 00:28:12,217 [Worker-35: Building workspace] INFO  o.e.m.c.i.embedder.EclipseLogger - skip non existing resourceDirectory /home/18491a0432qisce/Desktop/LockmeFirstProject/LockedMeApplication/src/test/resources
2022-03-24 00:28:29,097 [Worker-22: Building workspace] INFO  o.e.m.c.i.embedder.EclipseLogger - Using 'UTF-8' encoding to copy filtered resources.
2022-03-24 00:28:29,097 [Worker-22: Building workspace] INFO  o.e.m.c.i.embedder.EclipseLogger - skip non existing resourceDirectory /home/18491a0432qisce/Desktop/LockmeFirstProject/LockedMeApplication/src/main/resources
2022-03-24 00:28:29,098 [Worker-22: Building workspace] INFO  o.e.m.c.i.embedder.EclipseLogger - Using 'UTF-8' encoding to copy filtered resources.
2022-03-24 00:28:29,098 [Worker-22: Building workspace] INFO  o.e.m.c.i.embedder.EclipseLogger - skip non existing resourceDirectory /home/18491a0432qisce/Desktop/LockmeFirstProject/LockedMeApplication/src/test/resources
2022-03-24 02:24:04,004 [Worker-3: Loading available Gradle versions] INFO  c.g.t.t.d.PublishedGradleVersions - Gradle version information cache is up-to-date. Trying to read.
2022-03-24 02:24:08,113 [Worker-11: Building workspace] INFO  o.e.m.c.i.embedder.EclipseLogger - Using 'UTF-8' encoding to copy filtered resources.
2022-03-24 02:24:08,115 [Worker-11: Building workspace] INFO  o.e.m.c.i.embedder.EclipseLogger - skip non existing resourceDirectory /home/18491a0432qisce/Desktop/LockmeFirstProject/LockedMeApplication/src/main/resources
2022-03-24 02:24:08,117 [Worker-11: Building workspace] INFO  o.e.m.c.i.embedder.EclipseLogger - Using 'UTF-8' encoding to copy filtered resources.
2022-03-24 02:24:08,117 [Worker-11: Building workspace] INFO  o.e.m.c.i.embedder.EclipseLogger - skip non existing resourceDirectory /home/18491a0432qisce/Desktop/LockmeFirstProject/LockedMeApplication/src/test/resources
2022-03-24 02:26:09,505 [Worker-0: Resolving model org.eclipse.recommenders:index::zip:0.0.0] WARN  o.e.r.models.ModelRepository - Failed to download org.eclipse.recommenders:index::zip:0.0.0
org.eclipse.aether.resolution.ArtifactResolutionException: Could not find artifact org.eclipse.recommenders:index:zip:0.0.0-SNAPSHOT in models (http://download.eclipse.org/recommenders/models/photon/)
	at org.eclipse.aether.internal.impl.DefaultArtifactResolver.resolve(DefaultArtifactResolver.java:453) ~[na:na]
	at org.eclipse.aether.internal.impl.DefaultArtifactResolver.resolveArtifacts(DefaultArtifactResolver.java:255) ~[na:na]
	at org.eclipse.aether.internal.impl.DefaultArtifactResolver.resolveArtifact(DefaultArtifactResolver.java:232) ~[na:na]
	at org.eclipse.aether.internal.impl.DefaultRepositorySystem.resolveArtifact(DefaultRepositorySystem.java:303) ~[na:na]
	at org.eclipse.recommenders.models.ModelRepository.resolveInternal(ModelRepository.java:193) [org.eclipse.recommenders.models_2.5.4.v20180909-1132.jar:na]
	at org.eclipse.recommenders.models.ModelRepository.resolve(ModelRepository.java:172) [org.eclipse.recommenders.models_2.5.4.v20180909-1132.jar:na]
	at org.eclipse.recommenders.internal.models.rcp.EclipseModelRepository.resolve(EclipseModelRepository.java:168) [org.eclipse.recommenders.models.rcp_2.5.4.v20180909-1132.jar:na]
	at org.eclipse.recommenders.internal.models.rcp.DownloadModelArchiveJob.run(DownloadModelArchiveJob.java:76) [org.eclipse.recommenders.models.rcp_2.5.4.v20180909-1132.jar:na]
	at org.eclipse.core.internal.jobs.Worker.run(Worker.java:63) [org.eclipse.core.jobs_3.10.100.v20180817-1215.jar:na]
Caused by: org.eclipse.aether.transfer.ArtifactNotFoundException: Could not find artifact org.eclipse.recommenders:index:zip:0.0.0-SNAPSHOT in models (http://download.eclipse.org/recommenders/models/photon/)
	at org.eclipse.aether.connector.basic.ArtifactTransportListener.transferFailed(ArtifactTransportListener.java:48) ~[org.apache.maven.resolver.connector.basic_1.0.3.v20170405-0725.jar:1.0.3]
	at org.eclipse.aether.connector.basic.BasicRepositoryConnector$TaskRunner.run(BasicRepositoryConnector.java:364) ~[org.apache.maven.resolver.connector.basic_1.0.3.v20170405-0725.jar:1.0.3]
	at org.eclipse.aether.util.concurrency.RunnableErrorForwarder$1.run(RunnableErrorForwarder.java:76) ~[na:na]
	at org.eclipse.aether.connector.basic.BasicRepositoryConnector$DirectExecutor.execute(BasicRepositoryConnector.java:590) ~[org.apache.maven.resolver.connector.basic_1.0.3.v20170405-0725.jar:1.0.3]
	at org.eclipse.aether.connector.basic.BasicRepositoryConnector.get(BasicRepositoryConnector.java:258) ~[org.apache.maven.resolver.connector.basic_1.0.3.v20170405-0725.jar:1.0.3]
	at org.eclipse.aether.internal.impl.DefaultArtifactResolver.performDownloads(DefaultArtifactResolver.java:529) ~[na:na]
	at org.eclipse.aether.internal.impl.DefaultArtifactResolver.resolve(DefaultArtifactResolver.java:430) ~[na:na]
	... 8 common frames omitted
2022-03-24 02:42:09,543 [Worker-17: Building workspace] INFO  o.e.m.c.i.embedder.EclipseLogger - Using 'UTF-8' encoding to copy filtered resources.
2022-03-24 02:42:09,543 [Worker-17: Building workspace] INFO  o.e.m.c.i.embedder.EclipseLogger - skip non existing resourceDirectory /home/18491a0432qisce/Desktop/LockmeFirstProject/LockedMeApplication/src/main/resources
2022-03-24 02:42:09,549 [Worker-17: Building workspace] INFO  o.e.m.c.i.embedder.EclipseLogger - Using 'UTF-8' encoding to copy filtered resources.
2022-03-24 02:42:09,549 [Worker-17: Building workspace] INFO  o.e.m.c.i.embedder.EclipseLogger - skip non existing resourceDirectory /home/18491a0432qisce/Desktop/LockmeFirstProject/LockedMeApplication/src/test/resources
2022-03-24 02:43:29,570 [Worker-17: Building workspace] INFO  o.e.m.c.i.embedder.EclipseLogger - Using 'UTF-8' encoding to copy filtered resources.
2022-03-24 02:43:29,570 [Worker-17: Building workspace] INFO  o.e.m.c.i.embedder.EclipseLogger - skip non existing resourceDirectory /home/18491a0432qisce/Desktop/LockmeFirstProject/LockedMeApplication/src/main/resources
2022-03-24 02:43:29,571 [Worker-17: Building workspace] INFO  o.e.m.c.i.embedder.EclipseLogger - Using 'UTF-8' encoding to copy filtered resources.
2022-03-24 02:43:29,572 [Worker-17: Building workspace] INFO  o.e.m.c.i.embedder.EclipseLogger - skip non existing resourceDirectory /home/18491a0432qisce/Desktop/LockmeFirstProject/LockedMeApplication/src/test/resources
2022-03-24 02:44:18,430 [Worker-16: Building workspace] INFO  o.e.m.c.i.embedder.EclipseLogger - Using 'UTF-8' encoding to copy filtered resources.
2022-03-24 02:44:18,430 [Worker-16: Building workspace] INFO  o.e.m.c.i.embedder.EclipseLogger - skip non existing resourceDirectory /home/18491a0432qisce/Desktop/LockmeFirstProject/LockedMeApplication/src/main/resources
2022-03-24 02:44:18,432 [Worker-16: Building workspace] INFO  o.e.m.c.i.embedder.EclipseLogger - Using 'UTF-8' encoding to copy filtered resources.
2022-03-24 02:44:18,432 [Worker-16: Building workspace] INFO  o.e.m.c.i.embedder.EclipseLogger - skip non existing resourceDirectory /home/18491a0432qisce/Desktop/LockmeFirstProject/LockedMeApplication/src/test/resources
2022-03-24 02:47:05,416 [Worker-2: Building workspace] INFO  o.e.m.c.i.embedder.EclipseLogger - Using 'UTF-8' encoding to copy filtered resources.
2022-03-24 02:47:05,416 [Worker-2: Building workspace] INFO  o.e.m.c.i.embedder.EclipseLogger - skip non existing resourceDirectory /home/18491a0432qisce/Desktop/LockmeFirstProject/LockedMeApplication/src/main/resources
2022-03-24 02:47:05,417 [Worker-2: Building workspace] INFO  o.e.m.c.i.embedder.EclipseLogger - Using 'UTF-8' encoding to copy filtered resources.
2022-03-24 02:47:05,417 [Worker-2: Building workspace] INFO  o.e.m.c.i.embedder.EclipseLogger - skip non existing resourceDirectory /home/18491a0432qisce/Desktop/LockmeFirstProject/LockedMeApplication/src/test/resources
2022-03-24 02:48:54,526 [Worker-17: Building workspace] INFO  o.e.m.c.i.embedder.EclipseLogger - Using 'UTF-8' encoding to copy filtered resources.
2022-03-24 02:48:54,527 [Worker-17: Building workspace] INFO  o.e.m.c.i.embedder.EclipseLogger - skip non existing resourceDirectory /home/18491a0432qisce/Desktop/LockmeFirstProject/LockedMeApplication/src/main/resources
2022-03-24 02:48:54,528 [Worker-17: Building workspace] INFO  o.e.m.c.i.embedder.EclipseLogger - Using 'UTF-8' encoding to copy filtered resources.
2022-03-24 02:48:54,528 [Worker-17: Building workspace] INFO  o.e.m.c.i.embedder.EclipseLogger - skip non existing resourceDirectory /home/18491a0432qisce/Desktop/LockmeFirstProject/LockedMeApplication/src/test/resources
2022-03-24 02:54:22,236 [Worker-19: Building workspace] INFO  o.e.m.c.i.embedder.EclipseLogger - Using 'UTF-8' encoding to copy filtered resources.
2022-03-24 02:54:22,236 [Worker-19: Building workspace] INFO  o.e.m.c.i.embedder.EclipseLogger - skip non existing resourceDirectory /home/18491a0432qisce/Desktop/LockmeFirstProject/LockedMeApplication/src/main/resources
2022-03-24 02:54:22,237 [Worker-19: Building workspace] INFO  o.e.m.c.i.embedder.EclipseLogger - Using 'UTF-8' encoding to copy filtered resources.
2022-03-24 02:54:22,237 [Worker-19: Building workspace] INFO  o.e.m.c.i.embedder.EclipseLogger - skip non existing resourceDirectory /home/18491a0432qisce/Desktop/LockmeFirstProject/LockedMeApplication/src/test/resources
2022-03-24 03:04:12,952 [Worker-20: Building workspace] INFO  o.e.m.c.i.embedder.EclipseLogger - Using 'UTF-8' encoding to copy filtered resources.
2022-03-24 03:04:12,952 [Worker-20: Building workspace] INFO  o.e.m.c.i.embedder.EclipseLogger - skip non existing resourceDirectory /home/18491a0432qisce/Desktop/LockmeFirstProject/LockedMeApplication/src/main/resources
2022-03-24 03:04:12,954 [Worker-20: Building workspace] INFO  o.e.m.c.i.embedder.EclipseLogger - Using 'UTF-8' encoding to copy filtered resources.
2022-03-24 03:04:12,954 [Worker-20: Building workspace] INFO  o.e.m.c.i.embedder.EclipseLogger - skip non existing resourceDirectory /home/18491a0432qisce/Desktop/LockmeFirstProject/LockedMeApplication/src/test/resources
2022-03-24 03:10:15,291 [Worker-20: Building workspace] INFO  o.e.m.c.i.embedder.EclipseLogger - Using 'UTF-8' encoding to copy filtered resources.
2022-03-24 03:10:15,292 [Worker-20: Building workspace] INFO  o.e.m.c.i.embedder.EclipseLogger - skip non existing resourceDirectory /home/18491a0432qisce/Desktop/LockmeFirstProject/LockedMeApplication/src/main/resources
2022-03-24 03:10:15,292 [Worker-20: Building workspace] INFO  o.e.m.c.i.embedder.EclipseLogger - Using 'UTF-8' encoding to copy filtered resources.
2022-03-24 03:10:15,293 [Worker-20: Building workspace] INFO  o.e.m.c.i.embedder.EclipseLogger - skip non existing resourceDirectory /home/18491a0432qisce/Desktop/LockmeFirstProject/LockedMeApplication/src/test/resources
2022-03-24 03:15:14,900 [Worker-20: Building workspace] INFO  o.e.m.c.i.embedder.EclipseLogger - Using 'UTF-8' encoding to copy filtered resources.
2022-03-24 03:15:14,900 [Worker-20: Building workspace] INFO  o.e.m.c.i.embedder.EclipseLogger - skip non existing resourceDirectory /home/18491a0432qisce/Desktop/LockmeFirstProject/LockedMeApplication/src/main/resources
2022-03-24 03:15:14,901 [Worker-20: Building workspace] INFO  o.e.m.c.i.embedder.EclipseLogger - Using 'UTF-8' encoding to copy filtered resources.
2022-03-24 03:15:14,901 [Worker-20: Building workspace] INFO  o.e.m.c.i.embedder.EclipseLogger - skip non existing resourceDirectory /home/18491a0432qisce/Desktop/LockmeFirstProject/LockedMeApplication/src/test/resources
2022-03-24 03:20:20,739 [Worker-21: Building workspace] INFO  o.e.m.c.i.embedder.EclipseLogger - Using 'UTF-8' encoding to copy filtered resources.
2022-03-24 03:20:20,740 [Worker-21: Building workspace] INFO  o.e.m.c.i.embedder.EclipseLogger - skip non existing resourceDirectory /home/18491a0432qisce/Desktop/LockmeFirstProject/LockedMeApplication/src/main/resources
2022-03-24 03:20:20,741 [Worker-21: Building workspace] INFO  o.e.m.c.i.embedder.EclipseLogger - Using 'UTF-8' encoding to copy filtered resources.
2022-03-24 03:20:20,741 [Worker-21: Building workspace] INFO  o.e.m.c.i.embedder.EclipseLogger - skip non existing resourceDirectory /home/18491a0432qisce/Desktop/LockmeFirstProject/LockedMeApplication/src/test/resources
2022-03-24 03:20:27,433 [Worker-30: Building workspace] INFO  o.e.m.c.i.embedder.EclipseLogger - Using 'UTF-8' encoding to copy filtered resources.
2022-03-24 03:20:27,434 [Worker-30: Building workspace] INFO  o.e.m.c.i.embedder.EclipseLogger - skip non existing resourceDirectory /home/18491a0432qisce/Desktop/LockmeFirstProject/LockedMeApplication/src/main/resources
2022-03-24 03:20:27,435 [Worker-30: Building workspace] INFO  o.e.m.c.i.embedder.EclipseLogger - Using 'UTF-8' encoding to copy filtered resources.
2022-03-24 03:20:27,435 [Worker-30: Building workspace] INFO  o.e.m.c.i.embedder.EclipseLogger - skip non existing resourceDirectory /home/18491a0432qisce/Desktop/LockmeFirstProject/LockedMeApplication/src/test/resources
2022-03-24 03:34:37,555 [Worker-0: Loading available Gradle versions] INFO  c.g.t.t.d.PublishedGradleVersions - Gradle version information cache is up-to-date. Trying to read.
2022-03-24 03:35:07,643 [Worker-14: Building workspace] INFO  o.e.m.c.i.embedder.EclipseLogger - Using 'UTF-8' encoding to copy filtered resources.
2022-03-24 03:35:07,649 [Worker-14: Building workspace] INFO  o.e.m.c.i.embedder.EclipseLogger - skip non existing resourceDirectory /home/18491a0432qisce/Desktop/LockmeFirstProject/LockedMeApplication/src/main/resources
2022-03-24 03:35:07,651 [Worker-14: Building workspace] INFO  o.e.m.c.i.embedder.EclipseLogger - Using 'UTF-8' encoding to copy filtered resources.
2022-03-24 03:35:07,651 [Worker-14: Building workspace] INFO  o.e.m.c.i.embedder.EclipseLogger - skip non existing resourceDirectory /home/18491a0432qisce/Desktop/LockmeFirstProject/LockedMeApplication/src/test/resources
2022-03-24 03:35:47,783 [Worker-1: Building workspace] INFO  o.e.m.c.i.embedder.EclipseLogger - Using 'UTF-8' encoding to copy filtered resources.
2022-03-24 03:35:47,784 [Worker-1: Building workspace] INFO  o.e.m.c.i.embedder.EclipseLogger - skip non existing resourceDirectory /home/18491a0432qisce/Desktop/LockmeFirstProject/LockedMeApplication/src/main/resources
2022-03-24 03:35:47,785 [Worker-1: Building workspace] INFO  o.e.m.c.i.embedder.EclipseLogger - Using 'UTF-8' encoding to copy filtered resources.
2022-03-24 03:35:47,785 [Worker-1: Building workspace] INFO  o.e.m.c.i.embedder.EclipseLogger - skip non existing resourceDirectory /home/18491a0432qisce/Desktop/LockmeFirstProject/LockedMeApplication/src/test/resources
2022-03-24 03:36:38,641 [Worker-7: Building workspace] INFO  o.e.m.c.i.embedder.EclipseLogger - Using 'UTF-8' encoding to copy filtered resources.
2022-03-24 03:36:38,641 [Worker-7: Building workspace] INFO  o.e.m.c.i.embedder.EclipseLogger - skip non existing resourceDirectory /home/18491a0432qisce/Desktop/LockmeFirstProject/LockedMeApplication/src/main/resources
2022-03-24 03:36:38,649 [Worker-7: Building workspace] INFO  o.e.m.c.i.embedder.EclipseLogger - Using 'UTF-8' encoding to copy filtered resources.
2022-03-24 03:36:38,649 [Worker-7: Building workspace] INFO  o.e.m.c.i.embedder.EclipseLogger - skip non existing resourceDirectory /home/18491a0432qisce/Desktop/LockmeFirstProject/LockedMeApplication/src/test/resources
2022-03-24 03:37:19,328 [Worker-4: Building workspace] INFO  o.e.m.c.i.embedder.EclipseLogger - Using 'UTF-8' encoding to copy filtered resources.
2022-03-24 03:37:19,328 [Worker-4: Building workspace] INFO  o.e.m.c.i.embedder.EclipseLogger - skip non existing resourceDirectory /home/18491a0432qisce/Desktop/LockmeFirstProject/LockedMeApplication/src/main/resources
2022-03-24 03:37:19,329 [Worker-4: Building workspace] INFO  o.e.m.c.i.embedder.EclipseLogger - Using 'UTF-8' encoding to copy filtered resources.
2022-03-24 03:37:19,329 [Worker-4: Building workspace] INFO  o.e.m.c.i.embedder.EclipseLogger - skip non existing resourceDirectory /home/18491a0432qisce/Desktop/LockmeFirstProject/LockedMeApplication/src/test/resources
2022-03-24 03:38:21,243 [Worker-7: Building workspace] INFO  o.e.m.c.i.embedder.EclipseLogger - Using 'UTF-8' encoding to copy filtered resources.
2022-03-24 03:38:21,243 [Worker-7: Building workspace] INFO  o.e.m.c.i.embedder.EclipseLogger - skip non existing resourceDirectory /home/18491a0432qisce/Desktop/LockmeFirstProject/LockedMeApplication/src/main/resources
2022-03-24 03:38:21,244 [Worker-7: Building workspace] INFO  o.e.m.c.i.embedder.EclipseLogger - Using 'UTF-8' encoding to copy filtered resources.
2022-03-24 03:38:21,244 [Worker-7: Building workspace] INFO  o.e.m.c.i.embedder.EclipseLogger - skip non existing resourceDirectory /home/18491a0432qisce/Desktop/LockmeFirstProject/LockedMeApplication/src/test/resources
2022-03-24 03:43:18,861 [Worker-3: Building workspace] INFO  o.e.m.c.i.embedder.EclipseLogger - Using 'UTF-8' encoding to copy filtered resources.
2022-03-24 03:43:18,861 [Worker-3: Building workspace] INFO  o.e.m.c.i.embedder.EclipseLogger - skip non existing resourceDirectory /home/18491a0432qisce/Desktop/LockmeFirstProject/LockedMeApplication/src/main/resources
2022-03-24 03:43:18,863 [Worker-3: Building workspace] INFO  o.e.m.c.i.embedder.EclipseLogger - Using 'UTF-8' encoding to copy filtered resources.
2022-03-24 03:43:18,863 [Worker-3: Building workspace] INFO  o.e.m.c.i.embedder.EclipseLogger - skip non existing resourceDirectory /home/18491a0432qisce/Desktop/LockmeFirstProject/LockedMeApplication/src/test/resources
2022-03-24 03:43:35,387 [Worker-2: Building workspace] INFO  o.e.m.c.i.embedder.EclipseLogger - Using 'UTF-8' encoding to copy filtered resources.
2022-03-24 03:43:35,387 [Worker-2: Building workspace] INFO  o.e.m.c.i.embedder.EclipseLogger - skip non existing resourceDirectory /home/18491a0432qisce/Desktop/LockmeFirstProject/LockedMeApplication/src/main/resources
2022-03-24 03:43:35,389 [Worker-2: Building workspace] INFO  o.e.m.c.i.embedder.EclipseLogger - Using 'UTF-8' encoding to copy filtered resources.
2022-03-24 03:43:35,389 [Worker-2: Building workspace] INFO  o.e.m.c.i.embedder.EclipseLogger - skip non existing resourceDirectory /home/18491a0432qisce/Desktop/LockmeFirstProject/LockedMeApplication/src/test/resources
2022-03-24 03:44:42,097 [Worker-3: Building workspace] INFO  o.e.m.c.i.embedder.EclipseLogger - Using 'UTF-8' encoding to copy filtered resources.
2022-03-24 03:44:42,097 [Worker-3: Building workspace] INFO  o.e.m.c.i.embedder.EclipseLogger - skip non existing resourceDirectory /home/18491a0432qisce/Desktop/LockmeFirstProject/LockedMeApplication/src/main/resources
2022-03-24 03:44:42,100 [Worker-3: Building workspace] INFO  o.e.m.c.i.embedder.EclipseLogger - Using 'UTF-8' encoding to copy filtered resources.
2022-03-24 03:44:42,105 [Worker-3: Building workspace] INFO  o.e.m.c.i.embedder.EclipseLogger - skip non existing resourceDirectory /home/18491a0432qisce/Desktop/LockmeFirstProject/LockedMeApplication/src/test/resources
2022-03-24 03:45:10,771 [Worker-1: Building workspace] INFO  o.e.m.c.i.embedder.EclipseLogger - Using 'UTF-8' encoding to copy filtered resources.
2022-03-24 03:45:10,771 [Worker-1: Building workspace] INFO  o.e.m.c.i.embedder.EclipseLogger - skip non existing resourceDirectory /home/18491a0432qisce/Desktop/LockmeFirstProject/LockedMeApplication/src/main/resources
2022-03-24 03:45:10,772 [Worker-1: Building workspace] INFO  o.e.m.c.i.embedder.EclipseLogger - Using 'UTF-8' encoding to copy filtered resources.
2022-03-24 03:45:10,772 [Worker-1: Building workspace] INFO  o.e.m.c.i.embedder.EclipseLogger - skip non existing resourceDirectory /home/18491a0432qisce/Desktop/LockmeFirstProject/LockedMeApplication/src/test/resources
